2021-03-26 02:35:32,236 [1] INFO Possus.Program - Hello logging world!
2021-03-26 02:35:32,248 [1] ERROR Possus.Program - Error!
2021-03-26 02:35:32,248 [1] WARN Possus.Program - Warn!
2021-03-26 03:03:40,958 [1] INFO Possus.Program - Hello logging world!
2021-03-26 03:03:40,973 [1] ERROR Possus.Program - Error!
2021-03-26 03:03:40,974 [1] WARN Possus.Program - Warn!
2021-03-26 03:04:14,750 [1] INFO Possus.Program - connected to the server
2021-03-26 03:04:18,535 [1] INFO Possus.Program - get server status completed
2021-03-26 03:28:08,118 [1] INFO Possus.Program - connected to the server
2021-03-26 03:28:10,798 [1] INFO Possus.Program - request in GetServerStatus is success
2021-03-26 03:28:19,853 [1] INFO Possus.Program - get server status completed
2021-03-26 03:28:22,370 [1] INFO Possus.Program - status code is 200 from StatusCodeChecker
2021-03-26 03:28:22,397 [1] INFO Possus.Program - request in GetToken is success
2021-03-26 03:28:22,425 [1] INFO Possus.Program - status code is 200 from StatusCodeChecker
2021-03-26 03:28:22,430 [1] INFO Possus.Program - request in GetAllScans is success
2021-03-26 03:28:22,430 [1] INFO Possus.Program - GetLastScanId is success
2021-03-26 03:28:23,466 [1] INFO Possus.Program - status code is 200 from StatusCodeChecker
2021-03-26 03:28:23,467 [1] INFO Possus.Program - request in GetToken is success
2021-03-26 03:28:23,494 [1] INFO Possus.Program - status code is 200 from StatusCodeChecker
2021-03-26 03:28:23,495 [1] INFO Possus.Program - GetFileId is success
2021-03-26 03:28:24,532 [1] INFO Possus.Program - status code is 200 from StatusCodeChecker
2021-03-26 03:28:24,533 [1] INFO Possus.Program - request in GetToken is success
2021-03-26 03:28:24,610 [1] INFO Possus.Program - status code is 200 from StatusCodeChecker
2021-03-26 03:29:21,302 [1] INFO Possus.Program - export last scan request completed
2021-03-26 03:44:49,500 [1] INFO Possus.Program - connected to the server
2021-03-26 03:44:52,825 [1] INFO Possus.Program - request in GetServerStatus is success
2021-03-26 03:44:54,999 [1] INFO Possus.Program - get server status completed
2021-03-26 03:44:56,879 [1] INFO Possus.Program - status code is 200 from StatusCodeChecker
2021-03-26 03:44:56,906 [1] INFO Possus.Program - request in GetToken is success
2021-03-26 03:44:56,934 [1] INFO Possus.Program - status code is 200 from StatusCodeChecker
2021-03-26 03:44:56,939 [1] INFO Possus.Program - request in GetAllScans is success
2021-03-26 03:44:56,939 [1] INFO Possus.Program - GetLastScanId is success
2021-03-26 03:44:57,986 [1] INFO Possus.Program - status code is 200 from StatusCodeChecker
2021-03-26 03:44:57,987 [1] INFO Possus.Program - request in GetToken is success
2021-03-26 03:44:58,019 [1] INFO Possus.Program - status code is 200 from StatusCodeChecker
2021-03-26 03:44:58,020 [1] INFO Possus.Program - GetFileId is success
2021-03-26 03:44:59,052 [1] INFO Possus.Program - status code is 200 from StatusCodeChecker
2021-03-26 03:44:59,053 [1] INFO Possus.Program - request in GetToken is success
2021-03-26 03:44:59,124 [1] INFO Possus.Program - status code is 200 from StatusCodeChecker
2021-03-26 03:44:59,124 [1] INFO Possus.Program - GetAndReturnScan get request is success
2021-03-26 03:44:59,306 [1] INFO Possus.Program - convert and parse xml to json is success
2021-03-26 03:44:59,315 [1] INFO Possus.Program - writing info to console is success
2021-03-26 03:44:59,395 [1] INFO Possus.Program - json export is success
2021-03-26 03:44:59,403 [1] INFO Possus.Program - writing info to console is success
2021-03-26 03:44:59,410 [1] INFO Possus.Program - json export is success
2021-03-26 03:44:59,420 [1] INFO Possus.Program - writing info to console is success
2021-03-26 03:44:59,428 [1] INFO Possus.Program - json export is success
2021-03-26 03:44:59,435 [1] INFO Possus.Program - writing info to console is success
2021-03-26 03:44:59,446 [1] INFO Possus.Program - json export is success
2021-03-26 03:44:59,453 [1] INFO Possus.Program - writing info to console is success
2021-03-26 03:44:59,461 [1] INFO Possus.Program - json export is success
2021-03-26 03:44:59,466 [1] INFO Possus.Program - writing info to console is success
2021-03-26 03:44:59,475 [1] INFO Possus.Program - json export is success
2021-03-26 03:44:59,481 [1] INFO Possus.Program - writing info to console is success
2021-03-26 03:44:59,487 [1] INFO Possus.Program - json export is success
2021-03-26 03:44:59,495 [1] INFO Possus.Program - writing info to console is success
2021-03-26 03:44:59,503 [1] INFO Possus.Program - json export is success
2021-03-26 03:44:59,512 [1] INFO Possus.Program - writing info to console is success
2021-03-26 03:44:59,520 [1] INFO Possus.Program - json export is success
2021-03-26 03:44:59,528 [1] INFO Possus.Program - writing info to console is success
2021-03-26 03:44:59,538 [1] INFO Possus.Program - json export is success
2021-03-26 03:44:59,567 [1] INFO Possus.Program - writing info to console is success
2021-03-26 03:44:59,740 [1] INFO Possus.Program - json export is success
2021-03-26 03:44:59,748 [1] INFO Possus.Program - writing info to console is success
2021-03-26 03:44:59,754 [1] INFO Possus.Program - json export is success
2021-03-26 03:44:59,760 [1] INFO Possus.Program - writing info to console is success
2021-03-26 03:44:59,767 [1] INFO Possus.Program - json export is success
2021-03-26 03:44:59,773 [1] INFO Possus.Program - writing info to console is success
2021-03-26 03:44:59,780 [1] INFO Possus.Program - json export is success
2021-03-26 03:44:59,786 [1] INFO Possus.Program - writing info to console is success
2021-03-26 03:44:59,793 [1] INFO Possus.Program - json export is success
2021-03-26 03:44:59,798 [1] INFO Possus.Program - writing info to console is success
2021-03-26 03:44:59,804 [1] INFO Possus.Program - json export is success
2021-03-26 03:44:59,809 [1] INFO Possus.Program - writing info to console is success
2021-03-26 03:44:59,816 [1] INFO Possus.Program - json export is success
2021-03-26 03:44:59,823 [1] INFO Possus.Program - writing info to console is success
2021-03-26 03:44:59,830 [1] INFO Possus.Program - json export is success
2021-03-26 03:44:59,837 [1] INFO Possus.Program - writing info to console is success
2021-03-26 03:44:59,844 [1] INFO Possus.Program - json export is success
2021-03-26 03:44:59,853 [1] INFO Possus.Program - writing info to console is success
2021-03-26 03:44:59,859 [1] INFO Possus.Program - json export is success
2021-03-26 03:44:59,871 [1] INFO Possus.Program - writing info to console is success
2021-03-26 03:44:59,882 [1] INFO Possus.Program - json export is success
2021-03-26 03:44:59,893 [1] INFO Possus.Program - writing info to console is success
2021-03-26 03:44:59,903 [1] INFO Possus.Program - json export is success
2021-03-26 03:44:59,908 [1] INFO Possus.Program - writing info to console is success
2021-03-26 03:44:59,916 [1] INFO Possus.Program - json export is success
2021-03-26 03:44:59,923 [1] INFO Possus.Program - writing info to console is success
2021-03-26 03:44:59,930 [1] INFO Possus.Program - json export is success
2021-03-26 03:44:59,935 [1] INFO Possus.Program - writing info to console is success
2021-03-26 03:44:59,943 [1] INFO Possus.Program - json export is success
2021-03-26 03:44:59,951 [1] INFO Possus.Program - writing info to console is success
2021-03-26 03:44:59,959 [1] INFO Possus.Program - json export is success
2021-03-26 03:44:59,963 [1] INFO Possus.Program - writing info to console is success
2021-03-26 03:44:59,970 [1] INFO Possus.Program - json export is success
2021-03-26 03:44:59,979 [1] INFO Possus.Program - writing info to console is success
2021-03-26 03:44:59,986 [1] INFO Possus.Program - json export is success
2021-03-26 03:44:59,994 [1] INFO Possus.Program - writing info to console is success
2021-03-26 03:45:00,002 [1] INFO Possus.Program - json export is success
2021-03-26 03:45:00,012 [1] INFO Possus.Program - writing info to console is success
2021-03-26 03:45:00,023 [1] INFO Possus.Program - json export is success
2021-03-26 03:45:00,028 [1] INFO Possus.Program - writing info to console is success
2021-03-26 03:45:00,035 [1] INFO Possus.Program - json export is success
2021-03-26 03:45:00,043 [1] INFO Possus.Program - writing info to console is success
2021-03-26 03:45:00,051 [1] INFO Possus.Program - json export is success
2021-03-26 03:45:00,059 [1] INFO Possus.Program - writing info to console is success
2021-03-26 03:45:00,067 [1] INFO Possus.Program - json export is success
2021-03-26 03:45:00,075 [1] INFO Possus.Program - writing info to console is success
2021-03-26 03:45:00,084 [1] INFO Possus.Program - json export is success
2021-03-26 03:45:00,092 [1] INFO Possus.Program - writing info to console is success
2021-03-26 03:45:00,099 [1] INFO Possus.Program - json export is success
2021-03-26 03:45:00,106 [1] INFO Possus.Program - writing info to console is success
2021-03-26 03:45:00,112 [1] INFO Possus.Program - json export is success
2021-03-26 03:45:00,121 [1] INFO Possus.Program - writing info to console is success
2021-03-26 03:45:00,127 [1] INFO Possus.Program - json export is success
2021-03-26 03:45:00,136 [1] INFO Possus.Program - writing info to console is success
2021-03-26 03:45:00,143 [1] INFO Possus.Program - json export is success
2021-03-26 03:45:00,152 [1] INFO Possus.Program - writing info to console is success
2021-03-26 03:45:00,158 [1] INFO Possus.Program - json export is success
2021-03-26 03:45:00,165 [1] INFO Possus.Program - writing info to console is success
2021-03-26 03:45:00,171 [1] INFO Possus.Program - json export is success
2021-03-26 03:45:00,178 [1] INFO Possus.Program - writing info to console is success
2021-03-26 03:45:00,186 [1] INFO Possus.Program - json export is success
2021-03-26 03:45:00,193 [1] INFO Possus.Program - writing info to console is success
2021-03-26 03:45:00,200 [1] INFO Possus.Program - json export is success
2021-03-26 03:45:00,205 [1] INFO Possus.Program - writing info to console is success
2021-03-26 03:45:00,212 [1] INFO Possus.Program - json export is success
2021-03-26 03:45:00,217 [1] INFO Possus.Program - writing info to console is success
2021-03-26 03:45:00,225 [1] INFO Possus.Program - json export is success
2021-03-26 03:45:00,231 [1] INFO Possus.Program - writing info to console is success
2021-03-26 03:45:00,238 [1] INFO Possus.Program - json export is success
2021-03-26 03:45:00,246 [1] INFO Possus.Program - writing info to console is success
2021-03-26 03:45:00,266 [1] INFO Possus.Program - json export is success
2021-03-26 03:45:00,273 [1] INFO Possus.Program - writing info to console is success
2021-03-26 03:45:00,281 [1] INFO Possus.Program - json export is success
2021-03-26 03:45:00,286 [1] INFO Possus.Program - writing info to console is success
2021-03-26 03:45:00,298 [1] INFO Possus.Program - json export is success
